<?xml version="1.0" encoding="UTF-8"?>
<testng-results skipped="0" failed="1" ignored="0" total="6" passed="5">
  <reporter-output>
  </reporter-output>
  <suite name="Default suite" duration-ms="13768" started-at="2020-09-20T06:16:56Z" finished-at="2020-09-20T06:17:10Z">
    <groups>
    </groups>
    <test name="Default test" duration-ms="13768" started-at="2020-09-20T06:16:56Z" finished-at="2020-09-20T06:17:10Z">
      <class name="com.jbk.Demo">
        <test-method status="FAIL" signature="VerifyResponse()[pri:0, instance:com.jbk.Demo@224edc67]" name="VerifyResponse" duration-ms="8711" started-at="2020-09-20T06:16:56Z" finished-at="2020-09-20T06:17:05Z">
          <exception class="java.lang.AssertionError">
            <message>
              <![CDATA[expected [400] but found [200]]]>
            </message>
            <full-stacktrace>
              <![CDATA[java.lang.AssertionError: expected [400] but found [200]
at org.testng.Assert.fail(Assert.java:96)
at org.testng.Assert.failNotEquals(Assert.java:776)
at org.testng.Assert.assertEqualsImpl(Assert.java:137)
at org.testng.Assert.assertEquals(Assert.java:118)
at org.testng.Assert.assertEquals(Assert.java:652)
at org.testng.Assert.assertEquals(Assert.java:662)
at com.jbk.Demo.VerifyResponse(Demo.java:58)
at sun.reflect.NativeMethodAccessorImpl.invoke0(Native Method)
at sun.reflect.NativeMethodAccessorImpl.invoke(NativeMethodAccessorImpl.java:62)
at sun.reflect.DelegatingMethodAccessorImpl.invoke(DelegatingMethodAccessorImpl.java:43)
at java.lang.reflect.Method.invoke(Method.java:498)
at org.testng.internal.MethodInvocationHelper.invokeMethod(MethodInvocationHelper.java:124)
at org.testng.internal.Invoker.invokeMethod(Invoker.java:583)
at org.testng.internal.Invoker.invokeTestMethod(Invoker.java:719)
at org.testng.internal.Invoker.invokeTestMethods(Invoker.java:989)
at org.testng.internal.TestMethodWorker.invokeTestMethods(TestMethodWorker.java:125)
at org.testng.internal.TestMethodWorker.run(TestMethodWorker.java:109)
at org.testng.TestRunner.privateRun(TestRunner.java:648)
at org.testng.TestRunner.run(TestRunner.java:505)
at org.testng.SuiteRunner.runTest(SuiteRunner.java:455)
at org.testng.SuiteRunner.runSequentially(SuiteRunner.java:450)
at org.testng.SuiteRunner.privateRun(SuiteRunner.java:415)
at org.testng.SuiteRunner.run(SuiteRunner.java:364)
at org.testng.SuiteRunnerWorker.runSuite(SuiteRunnerWorker.java:52)
at org.testng.SuiteRunnerWorker.run(SuiteRunnerWorker.java:84)
at org.testng.TestNG.runSuitesSequentially(TestNG.java:1208)
at org.testng.TestNG.runSuitesLocally(TestNG.java:1137)
at org.testng.TestNG.runSuites(TestNG.java:1049)
at org.testng.TestNG.run(TestNG.java:1017)
at org.testng.remote.AbstractRemoteTestNG.run(AbstractRemoteTestNG.java:132)
at org.testng.remote.RemoteTestNG.initAndRun(RemoteTestNG.java:230)
at org.testng.remote.RemoteTestNG.main(RemoteTestNG.java:76)
]]>
            </full-stacktrace>
          </exception> <!-- java.lang.AssertionError -->
          <reporter-output>
          </reporter-output>
        </test-method> <!-- VerifyResponse -->
        <test-method status="PASS" signature="VerifyResponseAllUser()[pri:0, instance:com.jbk.Demo@224edc67]" name="VerifyResponseAllUser" duration-ms="994" started-at="2020-09-20T06:17:05Z" finished-at="2020-09-20T06:17:06Z">
          <reporter-output>
          </reporter-output>
        </test-method> <!-- VerifyResponseAllUser -->
        <test-method status="PASS" signature="VerifyResponseSpecificUser()[pri:0, instance:com.jbk.Demo@224edc67]" name="VerifyResponseSpecificUser" duration-ms="1034" started-at="2020-09-20T06:17:06Z" finished-at="2020-09-20T06:17:07Z">
          <reporter-output>
          </reporter-output>
        </test-method> <!-- VerifyResponseSpecificUser -->
        <test-method status="PASS" signature="test4()[pri:0, instance:com.jbk.Demo@224edc67]" name="test4" duration-ms="472" started-at="2020-09-20T06:17:07Z" finished-at="2020-09-20T06:17:07Z">
          <reporter-output>
          </reporter-output>
        </test-method> <!-- test4 -->
        <test-method status="PASS" signature="test5()[pri:0, instance:com.jbk.Demo@224edc67]" name="test5" duration-ms="493" started-at="2020-09-20T06:17:07Z" finished-at="2020-09-20T06:17:08Z">
          <reporter-output>
          </reporter-output>
        </test-method> <!-- test5 -->
        <test-method status="PASS" signature="test6()[pri:0, instance:com.jbk.Demo@224edc67]" name="test6" duration-ms="1853" started-at="2020-09-20T06:17:08Z" finished-at="2020-09-20T06:17:10Z">
          <reporter-output>
          </reporter-output>
        </test-method> <!-- test6 -->
      </class> <!-- com.jbk.Demo -->
    </test> <!-- Default test -->
  </suite> <!-- Default suite -->
</testng-results>
